<?xml version="1.0" encoding="UTF-8"?>
<!-- Generated by org.testng.reporters.JUnitReportReporter -->
<testsuite skipped="0" hostname="Kavithas-MacBook-Pro.local" name="DataDriveDemoLoop" tests="4" failures="0" timestamp="11 Jan 2018 16:50:56 GMT" time="0.010" errors="0">
  <testcase name="doLogin" time="0.001" classname="DataDriveDemoLoop"/>
  <testcase name="doLogin" time="0.001" classname="DataDriveDemoLoop"/>
  <testcase name="doLogin" time="0.007" classname="DataDriveDemoLoop"/>
  <testcase name="doLogin" time="0.001" classname="DataDriveDemoLoop"/>
</testsuite> <!-- DataDriveDemoLoop -->
