<?xml version="1.0" encoding="UTF-8"?>
<!-- Generated by org.testng.reporters.JUnitReportReporter -->
<testsuite skipped="0" hostname="Kavithas-MacBook-Pro.local" name="com.tstng.annot1.AnnotDemo" tests="3" failures="0" timestamp="03 Jan 2018 15:18:41 GMT" time="0.009" errors="0">
  <testcase name="FlightBooking" time="0.005" classname="com.tstng.annot1.AnnotDemo"/>
  <testcase name="OpeningBrowser" time="0.002" classname="com.tstng.annot1.AnnotDemo"/>
  <testcase name="FlightCancel" time="0.002" classname="com.tstng.annot1.AnnotDemo"/>
</testsuite> <!-- com.tstng.annot1.AnnotDemo -->
