<?xml version="1.0" encoding="UTF-8"?>
<!-- Generated by org.testng.reporters.JUnitReportReporter -->
<testsuite skipped="0" hostname="Kavithas-MacBook-Pro.local" name="com.AppNative.HybridDemo.AppTest" tests="1" failures="0" timestamp="09 Jan 2018 16:26:26 GMT" time="0.005" errors="0">
  <testcase name="myTest" time="0.005" classname="com.AppNative.HybridDemo.AppTest"/>
</testsuite> <!-- com.AppNative.HybridDemo.AppTest -->
