<?xml version="1.0" encoding="UTF-8"?>
<!-- Generated by org.testng.reporters.JUnitReportReporter -->
<testsuite name="com.my.tests.SmokeTests" tests="1" time="54.345" ignored="0" failures="0" timestamp="06 Mar 2018 03:15:57 GMT" skipped="0" hostname="Kavithas-MacBook-Pro.local" errors="0">
  <testcase name="Firstpage" time="54.345" classname="com.my.tests.SmokeTests"/>
</testsuite> <!-- com.my.tests.SmokeTests -->
