<?xml version="1.0" encoding="UTF-8"?>
<!-- Generated by org.testng.reporters.JUnitReportReporter -->
<testsuite skipped="0" hostname="Kavithas-MacBook-Pro.local" name="com.annot.demoOne.AnnotOne" tests="2" failures="0" timestamp="03 Jan 2018 16:57:41 GMT" time="0.012" errors="0">
  <testcase name="AnnotDemoTwo" time="0.004" classname="com.annot.demoOne.AnnotOne"/>
  <testcase name="AnnotDemoOne" time="0.008" classname="com.annot.demoOne.AnnotOne"/>
</testsuite> <!-- com.annot.demoOne.AnnotOne -->
