<?xml version="1.0" encoding="UTF-8"?>
<!-- Generated by org.testng.reporters.JUnitReportReporter -->
<testsuite name="DemoOne" tests="1" time="0.011" ignored="0" failures="0" timestamp="29 Jan 2018 04:09:47 GMT" skipped="0" hostname="Kavithas-MacBook-Pro.local" errors="0">
  <testcase name="DemoTest" time="0.011" classname="DemoOne"/>
</testsuite> <!-- DemoOne -->
